2026-07-04 10:15:00 | INFO | User logged in
2026-07-04 10:15:05 | ERROR | Database connection failed

2026-07-04 10:15:10 | WARN | High memory usage
this line is missing pipes entirely
2026-07-04 10:15:15 | ERROR | Timeout while connecting
2026-07-04 10:15:20 | DEBUG | Cache cleared
2026-07-04 10:15:00 | INFO | User logged in
2026-07-04 10:15:05 | ERROR | Database connection failed
2026-07-04 10:15:20 | INFO | User viewed dashboard
2026-07-04 10:16:10 | WARNING | Low disk space on server
2026-07-04 10:16:45 | INFO | File uploaded successfully
2026-07-04 10:17:30 | DEBUG | Authentication token generated
2026-07-04 10:18:05 | ERROR | Payment gateway timeout
2026-07-04 10:18:50 | INFO | New customer registered
2026-07-04 10:19:15 | WARNING | High memory usage detected
2026-07-04 10:20:00 | INFO | User updated profile
2026-07-04 10:21:12 | DEBUG | API request received
2026-07-04 10:21:40 | ERROR | Invalid user credentials
2026-07-04 10:22:18 | INFO | Password changed successfully
2026-07-04 10:22:50 | WARNING | Slow database response
2026-07-04 10:23:35 | INFO | Email notification sent
2026-07-04 10:24:10 | DEBUG | Cache refreshed
2026-07-04 10:24:55 | ERROR | Failed to send email
2026-07-04 10:25:20 | INFO | Product added to cart
2026-07-04 10:26:05 | INFO | Checkout process started
2026-07-04 10:26:50 | WARNING | Session about to expire
2026-07-04 10:27:15 | INFO | Order placed successfully
2026-07-04 10:28:00 | ERROR | Inventory update failed
2026-07-04 10:28:42 | DEBUG | Order validation completed
2026-07-04 10:29:18 | INFO | Invoice generated
2026-07-04 10:30:00 | WARNING | CPU usage exceeded threshold
2026-07-04 10:30:35 | INFO | Backup started
2026-07-04 10:31:10 | INFO | Backup completed successfully
2026-07-04 10:31:55 | ERROR | Backup verification failed
2026-07-04 10:32:30 | DEBUG | Temporary files cleaned
2026-07-04 10:33:15 | INFO | User logged out
2026-07-04 10:34:00 | INFO | New product created
2026-07-04 10:34:40 | WARNING | Network latency detected
2026-07-04 10:35:10 | ERROR | API rate limit exceeded
2026-07-04 10:35:45 | INFO | Customer support ticket created
2026-07-04 10:36:20 | DEBUG | Configuration loaded
2026-07-04 10:37:05 | INFO | Report generated
2026-07-04 10:37:48 | WARNING | Unusual login attempt detected
2026-07-04 10:39:15 | INFO | Document downloaded
2026-07-04 10:40:00 | DEBUG | Scheduled job executed
2026-07-04 10:40:45 | INFO | Password reset requested
2026-07-04 10:38:30 | ERROR | File access denied
2026-07-04 10:41:18 | ERROR | SMS notification failed
2026-07-04 10:44:55 | ERROR | Payment verification failed
2026-07-04 10:42:00 | WARNING | SSL certificate expiring soon
2026-07-04 10:42:40 | INFO | User account activated
2026-07-04 10:43:25 | DEBUG | Database query executed
2026-07-04 10:44:10 | INFO | Shopping cart updated
2026-07-04 10:45:35 | WARNING | Disk usage exceeded 90%
2026-07-04 10:46:20 | INFO | Application shutdown initiated
2026-07-04 10:47:00 | INFO | Application stopped successfully